<?xml version="1.0" encoding="UTF-8"?>
<!-- Generated by org.testng.reporters.JUnitReportReporter -->
<testsuite hostname="HPDA0194" name="Login.Login" tests="1" failures="0" timestamp="10 Jun 2015 06:42:51 GMT" time="46.599" errors="0">
  <testcase name="Gmail_Login" time="46.599" classname="Login.Login"/>
</testsuite> <!-- Login.Login -->
